-------------------------------------------------------------------------------
Test set: tqs.project.air.airinfo.AirRequestUnitTest
-------------------------------------------------------------------------------
Tests run: 4, Failures: 1, Errors: 0, Skipped: 0, Time elapsed: 0.015 s <<< FAILURE! - in tqs.project.air.airinfo.AirRequestUnitTest
hashCodeTest  Time elapsed: 0.011 s  <<< FAILURE!
org.opentest4j.AssertionFailedError: expected: <-617163486> but was: <914231634>
	at tqs.project.air.airinfo.AirRequestUnitTest.hashCodeTest(AirRequestUnitTest.java:71)

